<?xml version="1.0" encoding="UTF-8"?>
<!-- Generated by org.testng.reporters.JUnitReportReporter -->
<testsuite hostname="LAPTOP-B9IHLES2" failures="0" tests="1" name="TestNG.Practice3" time="0.009" errors="0" timestamp="2022-12-30T23:54:31 IST" skipped="0">
  <testcase classname="TestNG.Practice3" name="verifyText" time="0.009"/>
  <system-out>
    <![CDATA[Running actual test case]]>
  </system-out>
</testsuite> <!-- TestNG.Practice3 -->
