<?xml version="1.0" encoding="UTF-8"?>
<!-- Generated by org.testng.reporters.JUnitReportReporter -->
<testsuite hostname="LAPTOP-B9IHLES2" failures="0" tests="1" name="TestNG.Test1" time="10.994" errors="0" timestamp="2022-12-29T10:08:26 IST" skipped="0">
  <testcase classname="TestNG.Test1" name="TC1" time="10.994"/>
  <system-out>
    <![CDATA[hi good morning]]>
  </system-out>
</testsuite> <!-- TestNG.Test1 -->
