<?xml version="1.0" encoding="UTF-8"?>
<!-- Generated by org.testng.reporters.JUnitReportReporter -->
<testsuite hostname="LAPTOP-B9IHLES2" failures="0" tests="1" name="TestNG.parallel2" time="5.635" errors="0" timestamp="2023-01-18T00:45:23 IST" skipped="0">
  <testcase classname="TestNG.parallel2" name="TC2" time="5.635"/>
  <system-out/>
</testsuite> <!-- TestNG.parallel2 -->
