<?xml version="1.0" encoding="UTF-8"?>
<!-- Generated by org.testng.reporters.JUnitReportReporter -->
<testsuite hostname="LAPTOP-B9IHLES2" failures="0" tests="3" name="TestNG.Privority" time="0.019" errors="0" timestamp="2023-01-04T16:47:07 IST" skipped="0">
  <testcase classname="TestNG.Privority" name="TC2" time="0.016"/>
  <system-out>
    <![CDATA[running TC 2]]>
  </system-out>
  <testcase classname="TestNG.Privority" name="TC3" time="0.002"/>
  <system-out>
    <![CDATA[running TC 3]]>
  </system-out>
  <testcase classname="TestNG.Privority" name="TC1" time="0.001"/>
  <system-out>
    <![CDATA[running TC 1]]>
  </system-out>
</testsuite> <!-- TestNG.Privority -->
