<?xml version="1.0" encoding="UTF-8"?>
<!-- Generated by org.testng.reporters.JUnitReportReporter -->
<testsuite hostname="LAPTOP-B9IHLES2" failures="0" tests="1" name="TestNG.Testing_annotation" time="0.009" errors="0" timestamp="2023-01-03T16:45:39 IST" skipped="0">
  <testcase classname="TestNG.Testing_annotation" name="verifyText" time="0.009"/>
  <system-out>
    <![CDATA[Running Actual test case]]>
  </system-out>
</testsuite> <!-- TestNG.Testing_annotation -->
