<?xml version="1.0" encoding="UTF-8"?>
<!-- Generated by org.testng.reporters.JUnitReportReporter -->
<testsuite hostname="LAPTOP-B9IHLES2" failures="0" tests="8" name="TestNG.Innocation" time="0.022" errors="0" timestamp="2022-12-30T23:59:23 IST" skipped="0">
  <testcase classname="TestNG.Innocation" name="TC1" time="0.001"/>
  <system-out>
    <![CDATA[Running TC1]]>
  </system-out>
  <testcase classname="TestNG.Innocation" name="TC1" time="0.000"/>
  <system-out>
    <![CDATA[Running TC1]]>
  </system-out>
  <testcase classname="TestNG.Innocation" name="TC1" time="0.002"/>
  <system-out>
    <![CDATA[Running TC1]]>
  </system-out>
  <testcase classname="TestNG.Innocation" name="TC1" time="0.002"/>
  <system-out>
    <![CDATA[Running TC1]]>
  </system-out>
  <testcase classname="TestNG.Innocation" name="TC1" time="0.001"/>
  <system-out>
    <![CDATA[Running TC1]]>
  </system-out>
  <testcase classname="TestNG.Innocation" name="TC1" time="0.001"/>
  <system-out>
    <![CDATA[Running TC1]]>
  </system-out>
  <testcase classname="TestNG.Innocation" name="TC1" time="0.014"/>
  <system-out>
    <![CDATA[Running TC1]]>
  </system-out>
  <testcase classname="TestNG.Innocation" name="TC1" time="0.001"/>
  <system-out>
    <![CDATA[Running TC1]]>
  </system-out>
</testsuite> <!-- TestNG.Innocation -->
