<?xml version="1.0" encoding="UTF-8"?>
<!-- Generated by org.testng.reporters.JUnitReportReporter -->
<testsuite hostname="LAPTOP-B9IHLES2" failures="0" tests="4" name="TestNG.practice2" time="0.011" errors="0" timestamp="2023-01-12T23:59:57 IST" skipped="0">
  <testcase classname="TestNG.practice2" name="prabhas" time="0.008"/>
  <system-out>
    <![CDATA[running prabhas]]>
  </system-out>
  <testcase classname="TestNG.practice2" name="eshwar" time="0.001"/>
  <system-out>
    <![CDATA[running eshwar]]>
  </system-out>
  <testcase classname="TestNG.practice2" name="dhanush" time="0.001"/>
  <system-out>
    <![CDATA[running dhanush]]>
  </system-out>
  <testcase classname="TestNG.practice2" name="alluarjun" time="0.001"/>
  <system-out>
    <![CDATA[running alluarjun]]>
  </system-out>
</testsuite> <!-- TestNG.practice2 -->
