<?xml version="1.0" encoding="UTF-8"?>
<!-- Generated by org.testng.reporters.JUnitReportReporter -->
<testsuite hostname="LAPTOP-B9IHLES2" failures="0" tests="2" name="TestNG.Multibrowser1" time="31.244" errors="0" timestamp="2023-01-10T01:29:16 IST" skipped="0">
  <testcase classname="TestNG.Multibrowser1" name="TC1" time="15.062"/>
  <system-out/>
  <testcase classname="TestNG.Multibrowser1" name="TC1" time="16.182"/>
  <system-out/>
</testsuite> <!-- TestNG.Multibrowser1 -->
