<?xml version="1.0" encoding="UTF-8"?>
<!-- Generated by org.testng.reporters.JUnitReportReporter -->
<testsuite hostname="LAPTOP-B9IHLES2" failures="0" tests="1" name="TestNG.Sample1" time="0.002" errors="0" timestamp="2023-01-06T19:30:49 IST" skipped="0">
  <testcase classname="TestNG.Sample1" name="TC4" time="0.002"/>
  <system-out>
    <![CDATA[running tc1]]>
  </system-out>
</testsuite> <!-- TestNG.Sample1 -->
