<?xml version="1.0" encoding="UTF-8"?>
<!-- Generated by org.testng.reporters.JUnitReportReporter -->
<testsuite hostname="LAPTOP-B9IHLES2" failures="0" tests="1" name="TestNG.parallel1" time="6.174" errors="0" timestamp="2023-01-18T00:45:23 IST" skipped="0">
  <testcase classname="TestNG.parallel1" name="TC1" time="6.174"/>
  <system-out/>
</testsuite> <!-- TestNG.parallel1 -->
